<?xml version="1.0" encoding="UTF-8"?>
<testsuite name="ch.finecloud.peopledb.repository.PeopleRepositoryTests" tests="1" skipped="0" failures="0" errors="0" timestamp="2022-09-05T04:53:24" hostname="ChuckNorris.local" time="0.424">
  <properties/>
  <testcase name="canUpdate()" classname="ch.finecloud.peopledb.repository.PeopleRepositoryTests" time="0.424"/>
  <system-out><![CDATA[Person{id=91, firstName='Test2', lastName='Jackson', dob=2022-09-05T06:53:24.374954+02:00[Europe/Zurich]}
Records affected: 1
]]></system-out>
  <system-err><![CDATA[]]></system-err>
</testsuite>
