<?xml version="1.0" encoding="UTF-8"?>
<testsuite name="ch.finecloud.peopledb.repository.PeopleRepositoryTests" tests="8" skipped="0" failures="0" errors="0" timestamp="2022-09-06T08:54:07" hostname="ChuckNorris.local" time="0.821">
  <properties/>
  <testcase name="canDeleteOnePerson()" classname="ch.finecloud.peopledb.repository.PeopleRepositoryTests" time="0.282"/>
  <testcase name="testPersonIdNotFound()" classname="ch.finecloud.peopledb.repository.PeopleRepositoryTests" time="0.188"/>
  <testcase name="canFindPersonById()" classname="ch.finecloud.peopledb.repository.PeopleRepositoryTests" time="0.06"/>
  <testcase name="canSaveTwoPeople()" classname="ch.finecloud.peopledb.repository.PeopleRepositoryTests" time="0.056"/>
  <testcase name="canUpdate()" classname="ch.finecloud.peopledb.repository.PeopleRepositoryTests" time="0.057"/>
  <testcase name="canDeleteMultiplePerson()" classname="ch.finecloud.peopledb.repository.PeopleRepositoryTests" time="0.061"/>
  <testcase name="canSaveOnePerson()" classname="ch.finecloud.peopledb.repository.PeopleRepositoryTests" time="0.053"/>
  <testcase name="canFindAll()" classname="ch.finecloud.peopledb.repository.PeopleRepositoryTests" time="0.059"/>
  <system-out><![CDATA[Person{id=280, firstName='Test', lastName='Jackson', dob=2022-09-06T10:54:07.770435+02:00[Europe/Zurich]}
Records affected: 1
1
Person{id=281, firstName='Test', lastName='Jackson', dob=2022-09-06T10:54:08.077690+02:00[Europe/Zurich]}
Records affected: 1
Person{id=282, firstName='John', lastName='Smith', dob=1980-11-15T15:15-06:00}
Records affected: 1
Person{id=283, firstName='Bobby', lastName='Smith', dob=1982-09-13T01:51:54+01:00}
Records affected: 1
Person{id=284, firstName='Test2', lastName='Jackson', dob=2022-09-06T10:54:08.195173+02:00[Europe/Zurich]}
Records affected: 1
Person{id=285, firstName='Test1', lastName='Jackson', dob=2022-09-06T10:54:08.253096+02:00[Europe/Zurich]}
Records affected: 1
Person{id=286, firstName='Test2', lastName='Jackson', dob=2022-09-06T10:54:08.253872+02:00[Europe/Zurich]}
Records affected: 1
2
Person{id=287, firstName='John', lastName='Smith', dob=1980-11-15T15:15-06:00}
Records affected: 1
Person{id=288, firstName='John', lastName='Smith', dob=1980-11-14T16:22:11+01:00}
Records affected: 1
Person{id=289, firstName='John1', lastName='Smith', dob=1980-11-14T16:22:11+01:00}
Records affected: 1
Person{id=290, firstName='John2', lastName='Smith', dob=1980-11-14T16:22:11+01:00}
Records affected: 1
Person{id=291, firstName='John3', lastName='Smith', dob=1980-11-14T16:22:11+01:00}
Records affected: 1
Person{id=292, firstName='John4', lastName='Smith', dob=1980-11-14T16:22:11+01:00}
Records affected: 1
Person{id=293, firstName='John5', lastName='Smith', dob=1980-11-14T16:22:11+01:00}
Records affected: 1
Person{id=294, firstName='John6', lastName='Smith', dob=1980-11-14T16:22:11+01:00}
Records affected: 1
Person{id=295, firstName='John7', lastName='Smith', dob=1980-11-14T16:22:11+01:00}
Records affected: 1
Person{id=296, firstName='John8', lastName='Smith', dob=1980-11-14T16:22:11+01:00}
Records affected: 1
Person{id=297, firstName='John9', lastName='Smith', dob=1980-11-14T16:22:11+01:00}
Records affected: 1
]]></system-out>
  <system-err><![CDATA[]]></system-err>
</testsuite>
