<?xml version="1.0" encoding="UTF-8"?>
<testsuite name="ch.finecloud.peopledb.repository.PeopleRepositoryTest" tests="1" skipped="0" failures="0" errors="0" timestamp="2022-09-12T05:02:37" hostname="ChuckNorris.local" time="0.36">
  <properties/>
  <testcase name="canSavePersonWithBizAddress()" classname="ch.finecloud.peopledb.repository.PeopleRepositoryTest" time="0.36"/>
  <system-out><![CDATA[]]></system-out>
  <system-err><![CDATA[]]></system-err>
</testsuite>
