<?xml version="1.0" encoding="UTF-8"?>
<testsuite name="ch.finecloud.peopledb.repository.PeopleRepositoryTest" tests="1" skipped="0" failures="0" errors="0" timestamp="2022-09-10T05:31:17" hostname="ChuckNorris.local" time="0.344">
  <properties/>
  <testcase name="canFindPersonByIdWithAddress()" classname="ch.finecloud.peopledb.repository.PeopleRepositoryTest" time="0.344"/>
  <system-out><![CDATA[]]></system-out>
  <system-err><![CDATA[]]></system-err>
</testsuite>
